2025-06-19 23:05:05,233 - INFO - succedfully read the YAML file
2025-06-19 23:05:05,235 - INFO - Data ingestion started with my_bucket_05112005 and file is Hotel_Reservations.csv
2025-06-19 23:05:05,235 - INFO - Starting data ingestion process
2025-06-19 23:05:05,235 - INFO - Starting the splitting process
2025-06-19 23:05:05,536 - INFO - Train data saved to artifacts/raw\train.csv
2025-06-19 23:05:05,536 - INFO - Test data saved to artifacts/raw\test.csv
2025-06-19 23:05:05,539 - INFO - Data ingestion completed sucesfully
2025-06-19 23:05:05,539 - INFO - Data ingestion completed
2025-06-19 23:05:05,542 - INFO - succedfully read the YAML file
2025-06-19 23:05:05,542 - INFO - Loading the data from RAW directory
2025-06-19 23:05:05,545 - INFO - Logger Data
2025-06-19 23:05:05,606 - INFO - Logger Data
2025-06-19 23:05:05,622 - INFO - Starting our dataprocessing step
2025-06-19 23:05:05,622 - INFO - Dropping the columns
2025-06-19 23:05:05,651 - INFO - Applying Label encoding
2025-06-19 23:05:05,668 - INFO - Label mappings are :
2025-06-19 23:05:05,668 - INFO - type_of_meal_plan : {'Meal Plan 1': np.int64(0), 'Meal Plan 2': np.int64(1), 'Meal Plan 3': np.int64(2), 'Not Selected': np.int64(3)}
2025-06-19 23:05:05,669 - INFO - required_car_parking_space : {np.int64(0): np.int64(0), np.int64(1): np.int64(1)}
2025-06-19 23:05:05,669 - INFO - room_type_reserved : {'Room_Type 1': np.int64(0), 'Room_Type 2': np.int64(1), 'Room_Type 3': np.int64(2), 'Room_Type 4': np.int64(3), 'Room_Type 5': np.int64(4), 'Room_Type 6': np.int64(5), 'Room_Type 7': np.int64(6)}
2025-06-19 23:05:05,669 - INFO - market_segment_type : {'Aviation': np.int64(0), 'Complementary': np.int64(1), 'Corporate': np.int64(2), 'Offline': np.int64(3), 'Online': np.int64(4)}
2025-06-19 23:05:05,669 - INFO - repeated_guest : {np.int64(0): np.int64(0), np.int64(1): np.int64(1)}
2025-06-19 23:05:05,669 - INFO - booking_status : {'Canceled': np.int64(0), 'Not_Canceled': np.int64(1)}
2025-06-19 23:05:05,669 - INFO - Doing skewness handling
2025-06-19 23:05:05,673 - INFO - Starting our dataprocessing step
2025-06-19 23:05:05,673 - INFO - Dropping the columns
2025-06-19 23:05:05,679 - INFO - Applying Label encoding
2025-06-19 23:05:05,686 - INFO - Label mappings are :
2025-06-19 23:05:05,687 - INFO - type_of_meal_plan : {'Meal Plan 1': np.int64(0), 'Meal Plan 2': np.int64(1), 'Not Selected': np.int64(2)}
2025-06-19 23:05:05,687 - INFO - required_car_parking_space : {np.int64(0): np.int64(0), np.int64(1): np.int64(1)}
2025-06-19 23:05:05,687 - INFO - room_type_reserved : {'Room_Type 1': np.int64(0), 'Room_Type 2': np.int64(1), 'Room_Type 3': np.int64(2), 'Room_Type 4': np.int64(3), 'Room_Type 5': np.int64(4), 'Room_Type 6': np.int64(5), 'Room_Type 7': np.int64(6)}
2025-06-19 23:05:05,687 - INFO - market_segment_type : {'Aviation': np.int64(0), 'Complementary': np.int64(1), 'Corporate': np.int64(2), 'Offline': np.int64(3), 'Online': np.int64(4)}
2025-06-19 23:05:05,687 - INFO - repeated_guest : {np.int64(0): np.int64(0), np.int64(1): np.int64(1)}
2025-06-19 23:05:05,687 - INFO - booking_status : {'Canceled': np.int64(0), 'Not_Canceled': np.int64(1)}
2025-06-19 23:05:05,687 - INFO - Doing skewness handling
2025-06-19 23:05:05,690 - INFO - Handling Inmbalanced data
2025-06-19 23:05:08,083 - INFO - Data balanced sucesfully
2025-06-19 23:05:08,084 - INFO - Handling Inmbalanced data
2025-06-19 23:05:08,102 - INFO - Data balanced sucesfully
2025-06-19 23:05:08,103 - INFO - Starting our feature selection step
2025-06-19 23:05:11,956 - INFO - Features selected : ['lead_time' 'no_of_special_requests' 'avg_price_per_room' 'arrival_month'
 'arrival_date' 'market_segment_type' 'no_of_week_nights'
 'no_of_weekend_nights' 'type_of_meal_plan' 'room_type_reserved']
2025-06-19 23:05:11,958 - INFO - Feature selection completed sucessfully
2025-06-19 23:05:11,968 - INFO - Saving our data in processed folder
2025-06-19 23:05:12,047 - INFO - Data saved sucesfully to artifacts/processed\processed_train.csv
2025-06-19 23:05:12,048 - INFO - Saving our data in processed folder
2025-06-19 23:05:12,069 - INFO - Data saved sucesfully to artifacts/processed\processed_test.csv
2025-06-19 23:05:12,069 - INFO - Data processing completed sucessfuly
2025-06-19 23:05:14,460 - INFO - Starting our Model Training pipeline
2025-06-19 23:05:14,460 - INFO - Starting our MLFLOW Implimentation
2025-06-19 23:05:14,460 - INFO - Logging the training and testing datasets
2025-06-19 23:05:16,543 - WARNING - Retrying (Retry(total=6, connect=6, read=7, redirect=7, status=7)) after connection broken by 'NewConnectionError('<urllib3.connection.HTTPConnection object at 0x0000020C3E7C2C00>: Failed to establish a new connection: [WinError 10061] No connection could be made because the target machine actively refused it')': /api/2.0/mlflow/runs/get?run_uuid=2044d153d5904d4d99a7f191f55be808&run_id=2044d153d5904d4d99a7f191f55be808
2025-06-19 23:05:23,453 - WARNING - Retrying (Retry(total=5, connect=5, read=7, redirect=7, status=7)) after connection broken by 'NewConnectionError('<urllib3.connection.HTTPConnection object at 0x0000020C3E7C3980>: Failed to establish a new connection: [WinError 10061] No connection could be made because the target machine actively refused it')': /api/2.0/mlflow/runs/get?run_uuid=2044d153d5904d4d99a7f191f55be808&run_id=2044d153d5904d4d99a7f191f55be808
2025-06-19 23:05:34,421 - WARNING - Retrying (Retry(total=4, connect=4, read=7, redirect=7, status=7)) after connection broken by 'NewConnectionError('<urllib3.connection.HTTPConnection object at 0x0000020C3E7C3B60>: Failed to establish a new connection: [WinError 10061] No connection could be made because the target machine actively refused it')': /api/2.0/mlflow/runs/get?run_uuid=2044d153d5904d4d99a7f191f55be808&run_id=2044d153d5904d4d99a7f191f55be808
2025-06-19 23:05:52,958 - WARNING - Retrying (Retry(total=3, connect=3, read=7, redirect=7, status=7)) after connection broken by 'NewConnectionError('<urllib3.connection.HTTPConnection object at 0x0000020C3E7C3FE0>: Failed to establish a new connection: [WinError 10061] No connection could be made because the target machine actively refused it')': /api/2.0/mlflow/runs/get?run_uuid=2044d153d5904d4d99a7f191f55be808&run_id=2044d153d5904d4d99a7f191f55be808
2025-06-19 23:06:27,268 - WARNING - Retrying (Retry(total=2, connect=2, read=7, redirect=7, status=7)) after connection broken by 'NewConnectionError('<urllib3.connection.HTTPConnection object at 0x0000020C3E7C1E20>: Failed to establish a new connection: [WinError 10061] No connection could be made because the target machine actively refused it')': /api/2.0/mlflow/runs/get?run_uuid=2044d153d5904d4d99a7f191f55be808&run_id=2044d153d5904d4d99a7f191f55be808
2025-06-19 23:07:33,956 - WARNING - Retrying (Retry(total=1, connect=1, read=7, redirect=7, status=7)) after connection broken by 'NewConnectionError('<urllib3.connection.HTTPConnection object at 0x0000020C3E7C2570>: Failed to establish a new connection: [WinError 10061] No connection could be made because the target machine actively refused it')': /api/2.0/mlflow/runs/get?run_uuid=2044d153d5904d4d99a7f191f55be808&run_id=2044d153d5904d4d99a7f191f55be808
2025-06-19 23:10:02,939 - INFO - succedfully read the YAML file
2025-06-19 23:10:02,940 - INFO - Data ingestion started with my_bucket_05112005 and file is Hotel_Reservations.csv
2025-06-19 23:10:02,940 - INFO - Starting data ingestion process
2025-06-19 23:10:02,956 - WARNING - Compute Engine Metadata server unavailable on attempt 1 of 3. Reason: [WinError 10051] A socket operation was attempted to an unreachable network
2025-06-19 23:10:03,931 - WARNING - Compute Engine Metadata server unavailable on attempt 2 of 3. Reason: [WinError 10051] A socket operation was attempted to an unreachable network
2025-06-19 23:10:05,805 - WARNING - Compute Engine Metadata server unavailable on attempt 3 of 3. Reason: [WinError 10051] A socket operation was attempted to an unreachable network
2025-06-19 23:10:05,805 - WARNING - Authentication failed using Compute Engine authentication due to unavailable metadata server.
2025-06-19 23:10:05,805 - INFO - Error while downloading the CSV file
2025-06-19 23:10:05,806 - ERROR - CustomException: Error occurred in D:\mlops\src\data_ingestion.py, line 25 : Failed to download CSV file
2025-06-19 23:10:05,807 - INFO - Data ingestion completed
2025-06-19 23:10:05,809 - INFO - succedfully read the YAML file
2025-06-19 23:10:05,810 - INFO - Loading the data from RAW directory
2025-06-19 23:10:05,810 - INFO - Logger Data
2025-06-19 23:10:05,902 - INFO - Logger Data
2025-06-19 23:10:05,923 - INFO - Starting our dataprocessing step
2025-06-19 23:10:05,923 - INFO - Dropping the columns
2025-06-19 23:10:05,965 - INFO - Applying Label encoding
2025-06-19 23:10:05,989 - INFO - Label mappings are :
2025-06-19 23:10:05,989 - INFO - type_of_meal_plan : {'Meal Plan 1': np.int64(0), 'Meal Plan 2': np.int64(1), 'Meal Plan 3': np.int64(2), 'Not Selected': np.int64(3)}
2025-06-19 23:10:05,989 - INFO - required_car_parking_space : {np.int64(0): np.int64(0), np.int64(1): np.int64(1)}
2025-06-19 23:10:05,989 - INFO - room_type_reserved : {'Room_Type 1': np.int64(0), 'Room_Type 2': np.int64(1), 'Room_Type 3': np.int64(2), 'Room_Type 4': np.int64(3), 'Room_Type 5': np.int64(4), 'Room_Type 6': np.int64(5), 'Room_Type 7': np.int64(6)}
2025-06-19 23:10:05,989 - INFO - market_segment_type : {'Aviation': np.int64(0), 'Complementary': np.int64(1), 'Corporate': np.int64(2), 'Offline': np.int64(3), 'Online': np.int64(4)}
2025-06-19 23:10:05,989 - INFO - repeated_guest : {np.int64(0): np.int64(0), np.int64(1): np.int64(1)}
2025-06-19 23:10:05,989 - INFO - booking_status : {'Canceled': np.int64(0), 'Not_Canceled': np.int64(1)}
2025-06-19 23:10:05,989 - INFO - Doing skewness handling
2025-06-19 23:10:05,994 - INFO - Starting our dataprocessing step
2025-06-19 23:10:05,994 - INFO - Dropping the columns
2025-06-19 23:10:06,000 - INFO - Applying Label encoding
2025-06-19 23:10:06,007 - INFO - Label mappings are :
2025-06-19 23:10:06,007 - INFO - type_of_meal_plan : {'Meal Plan 1': np.int64(0), 'Meal Plan 2': np.int64(1), 'Not Selected': np.int64(2)}
2025-06-19 23:10:06,007 - INFO - required_car_parking_space : {np.int64(0): np.int64(0), np.int64(1): np.int64(1)}
2025-06-19 23:10:06,007 - INFO - room_type_reserved : {'Room_Type 1': np.int64(0), 'Room_Type 2': np.int64(1), 'Room_Type 3': np.int64(2), 'Room_Type 4': np.int64(3), 'Room_Type 5': np.int64(4), 'Room_Type 6': np.int64(5), 'Room_Type 7': np.int64(6)}
2025-06-19 23:10:06,007 - INFO - market_segment_type : {'Aviation': np.int64(0), 'Complementary': np.int64(1), 'Corporate': np.int64(2), 'Offline': np.int64(3), 'Online': np.int64(4)}
2025-06-19 23:10:06,007 - INFO - repeated_guest : {np.int64(0): np.int64(0), np.int64(1): np.int64(1)}
2025-06-19 23:10:06,007 - INFO - booking_status : {'Canceled': np.int64(0), 'Not_Canceled': np.int64(1)}
2025-06-19 23:10:06,007 - INFO - Doing skewness handling
2025-06-19 23:10:06,010 - INFO - Handling Inmbalanced data
2025-06-19 23:10:07,987 - INFO - Data balanced sucesfully
2025-06-19 23:10:07,987 - INFO - Handling Inmbalanced data
2025-06-19 23:10:08,014 - INFO - Data balanced sucesfully
2025-06-19 23:10:08,015 - INFO - Starting our feature selection step
2025-06-19 23:10:12,731 - INFO - Features selected : ['lead_time' 'no_of_special_requests' 'avg_price_per_room' 'arrival_month'
 'arrival_date' 'market_segment_type' 'no_of_week_nights'
 'no_of_weekend_nights' 'type_of_meal_plan' 'room_type_reserved']
2025-06-19 23:10:12,733 - INFO - Feature selection completed sucessfully
2025-06-19 23:10:12,744 - INFO - Saving our data in processed folder
2025-06-19 23:10:12,842 - INFO - Data saved sucesfully to artifacts/processed\processed_train.csv
2025-06-19 23:10:12,843 - INFO - Saving our data in processed folder
2025-06-19 23:10:12,867 - INFO - Data saved sucesfully to artifacts/processed\processed_test.csv
2025-06-19 23:10:12,867 - INFO - Data processing completed sucessfuly
2025-06-19 23:10:13,924 - INFO - Starting our Model Training pipeline
2025-06-19 23:10:13,924 - INFO - Starting our MLFLOW Implimentation
2025-06-19 23:10:13,924 - INFO - Logging the training and testing datasets
2025-06-19 23:10:16,003 - WARNING - Retrying (Retry(total=6, connect=6, read=7, redirect=7, status=7)) after connection broken by 'NewConnectionError('<urllib3.connection.HTTPConnection object at 0x000001A677DFBBC0>: Failed to establish a new connection: [WinError 10061] No connection could be made because the target machine actively refused it')': /api/2.0/mlflow/runs/get?run_uuid=ffad6713805048e3b494a8b1ec5744dd&run_id=ffad6713805048e3b494a8b1ec5744dd
2025-06-19 23:10:22,667 - WARNING - Retrying (Retry(total=5, connect=5, read=7, redirect=7, status=7)) after connection broken by 'NewConnectionError('<urllib3.connection.HTTPConnection object at 0x000001A677DFBA10>: Failed to establish a new connection: [WinError 10061] No connection could be made because the target machine actively refused it')': /api/2.0/mlflow/runs/get?run_uuid=ffad6713805048e3b494a8b1ec5744dd&run_id=ffad6713805048e3b494a8b1ec5744dd
2025-06-19 23:10:33,466 - WARNING - Retrying (Retry(total=4, connect=4, read=7, redirect=7, status=7)) after connection broken by 'NewConnectionError('<urllib3.connection.HTTPConnection object at 0x000001A677DFAE70>: Failed to establish a new connection: [WinError 10061] No connection could be made because the target machine actively refused it')': /api/2.0/mlflow/runs/get?run_uuid=ffad6713805048e3b494a8b1ec5744dd&run_id=ffad6713805048e3b494a8b1ec5744dd
2025-06-19 23:10:52,284 - WARNING - Retrying (Retry(total=3, connect=3, read=7, redirect=7, status=7)) after connection broken by 'NewConnectionError('<urllib3.connection.HTTPConnection object at 0x000001A677DFB8F0>: Failed to establish a new connection: [WinError 10061] No connection could be made because the target machine actively refused it')': /api/2.0/mlflow/runs/get?run_uuid=ffad6713805048e3b494a8b1ec5744dd&run_id=ffad6713805048e3b494a8b1ec5744dd
2025-06-19 23:11:26,650 - WARNING - Retrying (Retry(total=2, connect=2, read=7, redirect=7, status=7)) after connection broken by 'NewConnectionError('<urllib3.connection.HTTPConnection object at 0x000001A677DFB800>: Failed to establish a new connection: [WinError 10061] No connection could be made because the target machine actively refused it')': /api/2.0/mlflow/runs/get?run_uuid=ffad6713805048e3b494a8b1ec5744dd&run_id=ffad6713805048e3b494a8b1ec5744dd
2025-06-19 23:12:00,397 - WARNING - Retrying (Retry(total=6, connect=6, read=7, redirect=7, status=7)) after connection broken by 'NewConnectionError('<urllib3.connection.HTTPConnection object at 0x000001A677E21520>: Failed to establish a new connection: [WinError 10061] No connection could be made because the target machine actively refused it')': /api/2.0/mlflow/runs/get?run_uuid=ffad6713805048e3b494a8b1ec5744dd&run_id=ffad6713805048e3b494a8b1ec5744dd
2025-06-19 23:12:06,786 - WARNING - Retrying (Retry(total=5, connect=5, read=7, redirect=7, status=7)) after connection broken by 'NewConnectionError('<urllib3.connection.HTTPConnection object at 0x000001A677E218E0>: Failed to establish a new connection: [WinError 10061] No connection could be made because the target machine actively refused it')': /api/2.0/mlflow/runs/get?run_uuid=ffad6713805048e3b494a8b1ec5744dd&run_id=ffad6713805048e3b494a8b1ec5744dd
2025-06-19 23:12:17,046 - WARNING - Retrying (Retry(total=4, connect=4, read=7, redirect=7, status=7)) after connection broken by 'NewConnectionError('<urllib3.connection.HTTPConnection object at 0x000001A677E21AF0>: Failed to establish a new connection: [WinError 10061] No connection could be made because the target machine actively refused it')': /api/2.0/mlflow/runs/get?run_uuid=ffad6713805048e3b494a8b1ec5744dd&run_id=ffad6713805048e3b494a8b1ec5744dd
2025-06-19 23:17:48,860 - INFO - succedfully read the YAML file
2025-06-19 23:17:48,860 - INFO - Data ingestion started with my_bucket_05112005 and file is Hotel_Reservations.csv
2025-06-19 23:17:48,861 - INFO - Starting data ingestion process
2025-06-19 23:17:48,866 - WARNING - Compute Engine Metadata server unavailable on attempt 1 of 3. Reason: [WinError 10051] A socket operation was attempted to an unreachable network
2025-06-19 23:17:49,774 - WARNING - Compute Engine Metadata server unavailable on attempt 2 of 3. Reason: [WinError 10051] A socket operation was attempted to an unreachable network
2025-06-19 23:17:51,943 - WARNING - Compute Engine Metadata server unavailable on attempt 3 of 3. Reason: [WinError 10051] A socket operation was attempted to an unreachable network
2025-06-19 23:17:51,944 - WARNING - Authentication failed using Compute Engine authentication due to unavailable metadata server.
2025-06-19 23:17:51,944 - INFO - Error while downloading the CSV file
2025-06-19 23:17:51,944 - ERROR - CustomException: Error occurred in D:\mlops\src\data_ingestion.py, line 25 : Failed to download CSV file
2025-06-19 23:17:51,944 - INFO - Data ingestion completed
2025-06-19 23:17:51,948 - INFO - succedfully read the YAML file
2025-06-19 23:17:51,948 - INFO - Loading the data from RAW directory
2025-06-19 23:17:51,948 - INFO - Logger Data
2025-06-19 23:17:52,055 - INFO - Logger Data
2025-06-19 23:17:52,079 - INFO - Starting our dataprocessing step
2025-06-19 23:17:52,079 - INFO - Dropping the columns
2025-06-19 23:17:52,131 - INFO - Applying Label encoding
2025-06-19 23:17:52,161 - INFO - Label mappings are :
2025-06-19 23:17:52,161 - INFO - type_of_meal_plan : {'Meal Plan 1': np.int64(0), 'Meal Plan 2': np.int64(1), 'Meal Plan 3': np.int64(2), 'Not Selected': np.int64(3)}
2025-06-19 23:17:52,161 - INFO - required_car_parking_space : {np.int64(0): np.int64(0), np.int64(1): np.int64(1)}
2025-06-19 23:17:52,161 - INFO - room_type_reserved : {'Room_Type 1': np.int64(0), 'Room_Type 2': np.int64(1), 'Room_Type 3': np.int64(2), 'Room_Type 4': np.int64(3), 'Room_Type 5': np.int64(4), 'Room_Type 6': np.int64(5), 'Room_Type 7': np.int64(6)}
2025-06-19 23:17:52,161 - INFO - market_segment_type : {'Aviation': np.int64(0), 'Complementary': np.int64(1), 'Corporate': np.int64(2), 'Offline': np.int64(3), 'Online': np.int64(4)}
2025-06-19 23:17:52,161 - INFO - repeated_guest : {np.int64(0): np.int64(0), np.int64(1): np.int64(1)}
2025-06-19 23:17:52,161 - INFO - booking_status : {'Canceled': np.int64(0), 'Not_Canceled': np.int64(1)}
2025-06-19 23:17:52,162 - INFO - Doing skewness handling
2025-06-19 23:17:52,169 - INFO - Starting our dataprocessing step
2025-06-19 23:17:52,169 - INFO - Dropping the columns
2025-06-19 23:17:52,178 - INFO - Applying Label encoding
2025-06-19 23:17:52,188 - INFO - Label mappings are :
2025-06-19 23:17:52,189 - INFO - type_of_meal_plan : {'Meal Plan 1': np.int64(0), 'Meal Plan 2': np.int64(1), 'Not Selected': np.int64(2)}
2025-06-19 23:17:52,189 - INFO - required_car_parking_space : {np.int64(0): np.int64(0), np.int64(1): np.int64(1)}
2025-06-19 23:17:52,189 - INFO - room_type_reserved : {'Room_Type 1': np.int64(0), 'Room_Type 2': np.int64(1), 'Room_Type 3': np.int64(2), 'Room_Type 4': np.int64(3), 'Room_Type 5': np.int64(4), 'Room_Type 6': np.int64(5), 'Room_Type 7': np.int64(6)}
2025-06-19 23:17:52,189 - INFO - market_segment_type : {'Aviation': np.int64(0), 'Complementary': np.int64(1), 'Corporate': np.int64(2), 'Offline': np.int64(3), 'Online': np.int64(4)}
2025-06-19 23:17:52,189 - INFO - repeated_guest : {np.int64(0): np.int64(0), np.int64(1): np.int64(1)}
2025-06-19 23:17:52,189 - INFO - booking_status : {'Canceled': np.int64(0), 'Not_Canceled': np.int64(1)}
2025-06-19 23:17:52,189 - INFO - Doing skewness handling
2025-06-19 23:17:52,193 - INFO - Handling Inmbalanced data
2025-06-19 23:17:54,540 - INFO - Data balanced sucesfully
2025-06-19 23:17:54,541 - INFO - Handling Inmbalanced data
2025-06-19 23:17:54,569 - INFO - Data balanced sucesfully
2025-06-19 23:17:54,570 - INFO - Starting our feature selection step
2025-06-19 23:17:58,751 - INFO - Features selected : ['lead_time' 'no_of_special_requests' 'avg_price_per_room' 'arrival_month'
 'arrival_date' 'market_segment_type' 'no_of_week_nights'
 'no_of_weekend_nights' 'type_of_meal_plan' 'room_type_reserved']
2025-06-19 23:17:58,752 - INFO - Feature selection completed sucessfully
2025-06-19 23:17:58,762 - INFO - Saving our data in processed folder
2025-06-19 23:17:58,856 - INFO - Data saved sucesfully to artifacts/processed\processed_train.csv
2025-06-19 23:17:58,856 - INFO - Saving our data in processed folder
2025-06-19 23:17:58,888 - INFO - Data saved sucesfully to artifacts/processed\processed_test.csv
2025-06-19 23:17:58,889 - INFO - Data processing completed sucessfuly
2025-06-19 23:17:59,898 - INFO - Starting our Model Training pipeline
2025-06-19 23:17:59,898 - INFO - Starting our MLFLOW Implimentation
2025-06-19 23:17:59,898 - INFO - Logging the training and testing datasets
2025-06-19 23:17:59,946 - INFO - Loading data from artifacts/processed\processed_train.csv
2025-06-19 23:17:59,946 - INFO - Logger Data
2025-06-19 23:17:59,971 - INFO - Loading data from artifacts/processed\processed_test.csv
2025-06-19 23:17:59,971 - INFO - Logger Data
2025-06-19 23:17:59,982 - INFO - Data splitted sucessfully for model training
2025-06-19 23:17:59,982 - INFO - Initializing our model
2025-06-19 23:17:59,982 - INFO - Starting our hyperparameter tuning
2025-06-19 23:17:59,982 - INFO - Starting our hyperparameter tuning
2025-06-19 23:18:15,832 - INFO - Hyperparameter Tuning completed
2025-06-19 23:18:15,832 - INFO - Best parameters are : {'boosting_type': 'gbdt', 'learning_rate': np.float64(0.1293700315892974), 'max_depth': 23, 'n_estimators': 314, 'num_leaves': 94}
2025-06-19 23:18:15,832 - INFO - Evaluating our model
2025-06-19 23:18:15,938 - INFO - Accuracy Score : 0.8501420454545454
2025-06-19 23:18:15,938 - INFO - Precision Score : 0.8644652538196156
2025-06-19 23:18:15,938 - INFO - Recall Score : 0.8304924242424242
2025-06-19 23:18:15,938 - INFO - F1 Score : 0.8471383723738227
2025-06-19 23:18:15,938 - INFO - Saving the model
2025-06-19 23:18:16,053 - INFO - Model saved to artifacts/models/lgbm_model.pki
2025-06-19 23:18:16,053 - INFO - Logging the model into MLFLOW
2025-06-19 23:18:16,057 - INFO - Logging the params and metrics in MLFLOW
2025-06-19 23:18:16,088 - INFO - Model training succesfully completed
